mode: set
go_septiandi-nugraha/19_Unit-Testing/praktikum/task_RESTfulAPITesting/controllers/bookcontroller.go:13.50,15.32 2 1
go_septiandi-nugraha/19_Unit-Testing/praktikum/task_RESTfulAPITesting/controllers/bookcontroller.go:15.32,17.3 1 1
go_septiandi-nugraha/19_Unit-Testing/praktikum/task_RESTfulAPITesting/controllers/bookcontroller.go:19.2,20.53 2 0
go_septiandi-nugraha/19_Unit-Testing/praktikum/task_RESTfulAPITesting/controllers/bookcontroller.go:20.53,22.3 1 0
go_septiandi-nugraha/19_Unit-Testing/praktikum/task_RESTfulAPITesting/controllers/bookcontroller.go:23.2,26.4 1 0
go_septiandi-nugraha/19_Unit-Testing/praktikum/task_RESTfulAPITesting/controllers/bookcontroller.go:30.46,33.16 3 1
go_septiandi-nugraha/19_Unit-Testing/praktikum/task_RESTfulAPITesting/controllers/bookcontroller.go:33.16,35.3 1 0
go_septiandi-nugraha/19_Unit-Testing/praktikum/task_RESTfulAPITesting/controllers/bookcontroller.go:37.2,38.57 2 1
go_septiandi-nugraha/19_Unit-Testing/praktikum/task_RESTfulAPITesting/controllers/bookcontroller.go:38.57,40.3 1 0
go_septiandi-nugraha/19_Unit-Testing/praktikum/task_RESTfulAPITesting/controllers/bookcontroller.go:42.2,45.4 1 1
go_septiandi-nugraha/19_Unit-Testing/praktikum/task_RESTfulAPITesting/controllers/bookcontroller.go:49.49,51.37 2 1
go_septiandi-nugraha/19_Unit-Testing/praktikum/task_RESTfulAPITesting/controllers/bookcontroller.go:51.37,53.3 1 0
go_septiandi-nugraha/19_Unit-Testing/praktikum/task_RESTfulAPITesting/controllers/bookcontroller.go:55.2,55.53 1 1
go_septiandi-nugraha/19_Unit-Testing/praktikum/task_RESTfulAPITesting/controllers/bookcontroller.go:55.53,57.3 1 0
go_septiandi-nugraha/19_Unit-Testing/praktikum/task_RESTfulAPITesting/controllers/bookcontroller.go:59.2,62.4 1 1
go_septiandi-nugraha/19_Unit-Testing/praktikum/task_RESTfulAPITesting/controllers/bookcontroller.go:66.49,69.16 3 1
go_septiandi-nugraha/19_Unit-Testing/praktikum/task_RESTfulAPITesting/controllers/bookcontroller.go:69.16,71.3 1 0
go_septiandi-nugraha/19_Unit-Testing/praktikum/task_RESTfulAPITesting/controllers/bookcontroller.go:73.2,74.37 2 1
go_septiandi-nugraha/19_Unit-Testing/praktikum/task_RESTfulAPITesting/controllers/bookcontroller.go:74.37,76.3 1 0
go_septiandi-nugraha/19_Unit-Testing/praktikum/task_RESTfulAPITesting/controllers/bookcontroller.go:78.2,79.65 2 1
go_septiandi-nugraha/19_Unit-Testing/praktikum/task_RESTfulAPITesting/controllers/bookcontroller.go:79.65,81.3 1 0
go_septiandi-nugraha/19_Unit-Testing/praktikum/task_RESTfulAPITesting/controllers/bookcontroller.go:83.2,87.60 4 1
go_septiandi-nugraha/19_Unit-Testing/praktikum/task_RESTfulAPITesting/controllers/bookcontroller.go:87.60,89.3 1 0
go_septiandi-nugraha/19_Unit-Testing/praktikum/task_RESTfulAPITesting/controllers/bookcontroller.go:91.2,94.4 1 1
go_septiandi-nugraha/19_Unit-Testing/praktikum/task_RESTfulAPITesting/controllers/bookcontroller.go:98.49,101.16 3 1
go_septiandi-nugraha/19_Unit-Testing/praktikum/task_RESTfulAPITesting/controllers/bookcontroller.go:101.16,103.3 1 0
go_septiandi-nugraha/19_Unit-Testing/praktikum/task_RESTfulAPITesting/controllers/bookcontroller.go:105.2,106.57 2 1
go_septiandi-nugraha/19_Unit-Testing/praktikum/task_RESTfulAPITesting/controllers/bookcontroller.go:106.57,108.3 1 0
go_septiandi-nugraha/19_Unit-Testing/praktikum/task_RESTfulAPITesting/controllers/bookcontroller.go:110.2,110.54 1 1
go_septiandi-nugraha/19_Unit-Testing/praktikum/task_RESTfulAPITesting/controllers/bookcontroller.go:110.54,112.3 1 0
go_septiandi-nugraha/19_Unit-Testing/praktikum/task_RESTfulAPITesting/controllers/bookcontroller.go:114.2,116.4 1 1
go_septiandi-nugraha/19_Unit-Testing/praktikum/task_RESTfulAPITesting/controllers/usercontroller.go:14.47,17.53 2 1
go_septiandi-nugraha/19_Unit-Testing/praktikum/task_RESTfulAPITesting/controllers/usercontroller.go:17.53,19.3 1 0
go_septiandi-nugraha/19_Unit-Testing/praktikum/task_RESTfulAPITesting/controllers/usercontroller.go:20.2,23.4 1 1
go_septiandi-nugraha/19_Unit-Testing/praktikum/task_RESTfulAPITesting/controllers/usercontroller.go:27.46,30.16 3 1
go_septiandi-nugraha/19_Unit-Testing/praktikum/task_RESTfulAPITesting/controllers/usercontroller.go:30.16,32.3 1 0
go_septiandi-nugraha/19_Unit-Testing/praktikum/task_RESTfulAPITesting/controllers/usercontroller.go:34.2,35.57 2 1
go_septiandi-nugraha/19_Unit-Testing/praktikum/task_RESTfulAPITesting/controllers/usercontroller.go:35.57,39.3 1 0
go_septiandi-nugraha/19_Unit-Testing/praktikum/task_RESTfulAPITesting/controllers/usercontroller.go:41.2,44.4 1 1
go_septiandi-nugraha/19_Unit-Testing/praktikum/task_RESTfulAPITesting/controllers/usercontroller.go:48.49,52.52 3 1
go_septiandi-nugraha/19_Unit-Testing/praktikum/task_RESTfulAPITesting/controllers/usercontroller.go:52.52,54.3 1 0
go_septiandi-nugraha/19_Unit-Testing/praktikum/task_RESTfulAPITesting/controllers/usercontroller.go:56.2,59.4 1 1
go_septiandi-nugraha/19_Unit-Testing/praktikum/task_RESTfulAPITesting/controllers/usercontroller.go:62.48,67.16 4 1
go_septiandi-nugraha/19_Unit-Testing/praktikum/task_RESTfulAPITesting/controllers/usercontroller.go:67.16,72.3 1 0
go_septiandi-nugraha/19_Unit-Testing/praktikum/task_RESTfulAPITesting/controllers/usercontroller.go:74.2,77.16 3 1
go_septiandi-nugraha/19_Unit-Testing/praktikum/task_RESTfulAPITesting/controllers/usercontroller.go:77.16,82.3 1 0
go_septiandi-nugraha/19_Unit-Testing/praktikum/task_RESTfulAPITesting/controllers/usercontroller.go:84.2,94.4 2 1
go_septiandi-nugraha/19_Unit-Testing/praktikum/task_RESTfulAPITesting/controllers/usercontroller.go:98.49,101.16 3 1
go_septiandi-nugraha/19_Unit-Testing/praktikum/task_RESTfulAPITesting/controllers/usercontroller.go:101.16,103.3 1 0
go_septiandi-nugraha/19_Unit-Testing/praktikum/task_RESTfulAPITesting/controllers/usercontroller.go:105.2,106.37 2 1
go_septiandi-nugraha/19_Unit-Testing/praktikum/task_RESTfulAPITesting/controllers/usercontroller.go:106.37,108.3 1 0
go_septiandi-nugraha/19_Unit-Testing/praktikum/task_RESTfulAPITesting/controllers/usercontroller.go:110.2,111.65 2 1
go_septiandi-nugraha/19_Unit-Testing/praktikum/task_RESTfulAPITesting/controllers/usercontroller.go:111.65,113.3 1 0
go_septiandi-nugraha/19_Unit-Testing/praktikum/task_RESTfulAPITesting/controllers/usercontroller.go:115.2,119.60 4 1
go_septiandi-nugraha/19_Unit-Testing/praktikum/task_RESTfulAPITesting/controllers/usercontroller.go:119.60,121.3 1 0
go_septiandi-nugraha/19_Unit-Testing/praktikum/task_RESTfulAPITesting/controllers/usercontroller.go:123.2,126.4 1 1
go_septiandi-nugraha/19_Unit-Testing/praktikum/task_RESTfulAPITesting/controllers/usercontroller.go:130.49,133.16 3 1
go_septiandi-nugraha/19_Unit-Testing/praktikum/task_RESTfulAPITesting/controllers/usercontroller.go:133.16,135.3 1 0
go_septiandi-nugraha/19_Unit-Testing/praktikum/task_RESTfulAPITesting/controllers/usercontroller.go:137.2,138.57 2 1
go_septiandi-nugraha/19_Unit-Testing/praktikum/task_RESTfulAPITesting/controllers/usercontroller.go:138.57,140.3 1 0
go_septiandi-nugraha/19_Unit-Testing/praktikum/task_RESTfulAPITesting/controllers/usercontroller.go:142.2,142.54 1 1
go_septiandi-nugraha/19_Unit-Testing/praktikum/task_RESTfulAPITesting/controllers/usercontroller.go:142.54,144.3 1 0
go_septiandi-nugraha/19_Unit-Testing/praktikum/task_RESTfulAPITesting/controllers/usercontroller.go:146.2,149.4 1 1
